<?xml version="1.0" encoding="UTF-8"?>
<!-- Generated by org.testng.reporters.JUnitXMLReporter -->
<testsuite ignored="2" hostname="NeeruPuneetKakkar" failures="1" tests="3" name="Test" time="14.573" errors="0" timestamp="2023-02-19T12:55:13 PST">
  <testcase classname="com.gcr.scripts.TC1" name="Login_LogoutTestCase" time="1.067">
    <failure type="java.lang.AssertionError" message="expected [Swag Labs 123] but found [Swag Labs]">
      <![CDATA[java.lang.AssertionError: expected [Swag Labs 123] but found [Swag Labs]
at com.gcr.scripts.TC1.Login_LogoutTestCase(TC1.java:21)
at java.base/java.util.ArrayList.forEach(ArrayList.java:1511)
... Removed 31 stack frames]]>
    </failure>
  </testcase> <!-- Login_LogoutTestCase -->
  <testcase classname="com.gcr.scripts.TC2" name="Login_LogoutTestCaseExcel" time="2.162"/>
  <testcase classname="com.gcr.scripts.TC3" name="Select_Prodcuts" time="2.189"/>
  <testcase classname="com.gcr.config.StartBrowser" name="@BeforeTest generateReport" time="0.0">
    <ignored/>
  </testcase> <!-- @BeforeTest generateReport -->
  <testcase classname="com.gcr.config.StartBrowser" name="@BeforeTest generateReport" time="0.0">
    <ignored/>
  </testcase> <!-- @BeforeTest generateReport -->
</testsuite> <!-- Test -->
