<?xml version="1.0" encoding="UTF-8"?>
<testng-results ignored="0" total="1" passed="1" failed="0" skipped="0">
  <reporter-output>
  </reporter-output>
  <suite started-at="2023-02-26T00:17:10 PST" name="Default suite" finished-at="2023-02-26T00:17:43 PST" duration-ms="33803">
    <groups>
    </groups>
    <test started-at="2023-02-26T00:17:10 PST" name="Default test" finished-at="2023-02-26T00:17:43 PST" duration-ms="33803">
      <class name="com.gcr.scripts.TC5_DragDrop">
        <test-method is-config="true" signature="generateReport()[pri:0, instance:com.gcr.scripts.TC5_DragDrop@50eac852]" started-at="2023-02-26T00:17:10 PST" name="generateReport" finished-at="2023-02-26T00:17:10 PST" duration-ms="825" status="PASS">
          <reporter-output>
          </reporter-output>
        </test-method> <!-- generateReport -->
        <test-method is-config="true" signature="beforeClass()[pri:0, instance:com.gcr.scripts.TC5_DragDrop@50eac852]" started-at="2023-02-26T00:17:11 PST" name="beforeClass" finished-at="2023-02-26T00:17:17 PST" duration-ms="6330" status="PASS">
          <reporter-output>
          </reporter-output>
        </test-method> <!-- beforeClass -->
        <test-method is-config="true" signature="methodName(java.lang.reflect.Method)[pri:0, instance:com.gcr.scripts.TC5_DragDrop@50eac852]" started-at="2023-02-26T00:17:17 PST" name="methodName" finished-at="2023-02-26T00:17:17 PST" duration-ms="27" status="PASS">
          <params>
            <param index="0">
              <value>
                <![CDATA[public void com.gcr.scripts.TC5_DragDrop.Drag_Drop() throws java.lang.Exception]]>
              </value>
            </param>
          </params>
          <reporter-output>
          </reporter-output>
        </test-method> <!-- methodName -->
        <test-method signature="Drag_Drop()[pri:0, instance:com.gcr.scripts.TC5_DragDrop@50eac852]" started-at="2023-02-26T00:17:17 PST" name="Drag_Drop" finished-at="2023-02-26T00:17:41 PST" duration-ms="24311" status="PASS">
          <reporter-output>
          </reporter-output>
        </test-method> <!-- Drag_Drop -->
        <test-method is-config="true" signature="afterClass()[pri:0, instance:com.gcr.scripts.TC5_DragDrop@50eac852]" started-at="2023-02-26T00:17:41 PST" name="afterClass" finished-at="2023-02-26T00:17:43 PST" duration-ms="2177" status="PASS">
          <reporter-output>
          </reporter-output>
        </test-method> <!-- afterClass -->
      </class> <!-- com.gcr.scripts.TC5_DragDrop -->
    </test> <!-- Default test -->
  </suite> <!-- Default suite -->
</testng-results>
